<?xml version="1.0" encoding="UTF-8"?>
<!-- Generated by org.testng.reporters.JUnitXMLReporter -->
<testsuite ignored="0" hostname="Shweta" failures="0" tests="4" name="Test" time="9.835" errors="0" timestamp="2024-10-05T15:19:44 IST">
  <testcase classname="MavenCmd.TestCmdMaventest" name="Test1test" time="0.013"/>
  <testcase classname="MavenCmd.TestCmdMaventest" name="Test2test" time="0.002"/>
  <testcase classname="MavenCmd.TestLaunchApp" name="LaunchAppTest" time="9.772"/>
  <testcase classname="MavenCmd.TestLaunchApp" name="test2" time="0.002"/>
</testsuite> <!-- Test -->
